Running: fuse.exe -relaunch -intstyle "ise" -incremental -o "D:/Sync/ExternalProjects/CNC_QuaDdECODER/QuadraDec3x/QuadTest_isim_beh.exe" -prj "D:/Sync/ExternalProjects/CNC_QuaDdECODER/QuadraDec3x/QuadTest_beh.prj" "work.QuadTest" 
ISim P.20131013 (signature 0x8ef4fb42)
Number of CPUs detected in this system: 8
Turning on mult-threading, number of parallel sub-compilation jobs: 16 
Determining compilation order of HDL files
Parsing VHDL file "D:/Sync/ExternalProjects/CNC_QuaDdECODER/QuadraDec3x/quad_dec.vhd" into library work
Parsing VHDL file "D:/Sync/ExternalProjects/CNC_QuaDdECODER/QuadraDec3x/QuadTest.vhd" into library work
Starting static elaboration
Completed static elaboration
Fuse Memory Usage: 156760 KB
Fuse CPU Usage: 264 ms
Compiling package standard
Compiling package std_logic_1164
Compiling package std_logic_arith
Compiling package numeric_std
Compiling package std_logic_unsigned
Compiling architecture behavioral of entity QuadratureDecoder [quadraturedecoder_default]
Compiling architecture behavior of entity quadtest
Time Resolution for simulation is 1ps.
Waiting for 1 sub-compilation(s) to finish...
Compiled 8 VHDL Units
Built simulation executable D:/Sync/ExternalProjects/CNC_QuaDdECODER/QuadraDec3x/QuadTest_isim_beh.exe
Fuse Memory Usage: 178392 KB
Fuse CPU Usage: 406 ms
