Release 14.7 - xst P.20131013 (nt)
Copyright (c) 1995-2013 Xilinx, Inc.  All rights reserved.
--> Parameter TMPDIR set to xst/projnav.tmp


Total REAL time to Xst completion: 0.00 secs
Total CPU time to Xst completion: 0.16 secs
 
--> Parameter xsthdpdir set to xst


Total REAL time to Xst completion: 0.00 secs
Total CPU time to Xst completion: 0.16 secs
 
--> Reading design: top.prj

TABLE OF CONTENTS
  1) Synthesis Options Summary
  2) HDL Compilation
  3) Design Hierarchy Analysis
  4) HDL Analysis
  5) HDL Synthesis
     5.1) HDL Synthesis Report
  6) Advanced HDL Synthesis
     6.1) Advanced HDL Synthesis Report
  7) Low Level Synthesis
  8) Partition Report
  9) Final Report

=========================================================================
*                      Synthesis Options Summary                        *
=========================================================================
---- Source Parameters
Input File Name                    : "top.prj"
Input Format                       : mixed
Ignore Synthesis Constraint File   : NO

---- Target Parameters
Output File Name                   : "top"
Output Format                      : NGC
Target Device                      : CoolRunner2 CPLDs

---- Source Options
Top Module Name                    : top
Automatic FSM Extraction           : YES
FSM Encoding Algorithm             : Auto
Safe Implementation                : No
Mux Extraction                     : Yes
Resource Sharing                   : YES

---- Target Options
Add IO Buffers                     : YES
MACRO Preserve                     : YES
XOR Preserve                       : YES
Equivalent register Removal        : YES

---- General Options
Optimization Goal                  : Speed
Optimization Effort                : 1
Keep Hierarchy                     : Yes
Netlist Hierarchy                  : As_Optimized
RTL Output                         : Yes
Hierarchy Separator                : /
Bus Delimiter                      : <>
Case Specifier                     : Maintain
Verilog 2001                       : YES

---- Other Options
Clock Enable                       : YES
wysiwyg                            : NO

=========================================================================


=========================================================================
*                          HDL Compilation                              *
=========================================================================
Compiling vhdl file "D:/Sync/ExternalProjects/CNC_QuaDdECODER/QuadraDec3x/quad_dec.vhd" in Library work.
Architecture behavioral of Entity quadraturedecoder is up to date.
Compiling vhdl file "D:/Sync/ExternalProjects/CNC_QuaDdECODER/QuadraDec3x/Wire.vhd" in Library work.
Architecture behavioral of Entity wire is up to date.
Compiling vhdl file "D:/Sync/ExternalProjects/CNC_QuaDdECODER/QuadraDec3x/top.vhd" in Library work.
Entity <top> compiled.
Entity <top> (Architecture <behavioral>) compiled.

=========================================================================
*                     Design Hierarchy Analysis                         *
=========================================================================
Analyzing hierarchy for entity <top> in library <work> (architecture <behavioral>).

Analyzing hierarchy for entity <QuadratureDecoder> in library <work> (architecture <Behavioral>).

Analyzing hierarchy for entity <Wire> in library <work> (architecture <Behavioral>).


=========================================================================
*                            HDL Analysis                               *
=========================================================================
Analyzing Entity <top> in library <work> (Architecture <behavioral>).
Entity <top> analyzed. Unit <top> generated.

Analyzing Entity <QuadratureDecoder> in library <work> (Architecture <Behavioral>).
Entity <QuadratureDecoder> analyzed. Unit <QuadratureDecoder> generated.

Analyzing Entity <Wire> in library <work> (Architecture <Behavioral>).
Entity <Wire> analyzed. Unit <Wire> generated.


=========================================================================
*                           HDL Synthesis                               *
=========================================================================

Performing bidirectional port resolution...

Synthesizing Unit <QuadratureDecoder>.
    Related source file is "D:/Sync/ExternalProjects/CNC_QuaDdECODER/QuadraDec3x/quad_dec.vhd".
    Found 1-bit xor2 for signal <Dir>.
    Found 4-bit updown counter for signal <rCount>.
    Found 1-bit register for signal <rFound>.
    Found 2-bit register for signal <rQuadA>.
    Found 2-bit register for signal <rQuadB>.
    Found 1-bit register for signal <rQuadZ>.
    Found 1-bit xor3 for signal <Step>.
    Summary:
	inferred   1 Counter(s).
	inferred   1 D-type flip-flop(s).
	inferred   1 Xor(s).
Unit <QuadratureDecoder> synthesized.


Synthesizing Unit <Wire>.
    Related source file is "D:/Sync/ExternalProjects/CNC_QuaDdECODER/QuadraDec3x/Wire.vhd".
    Found 1-bit register for signal <Latch>.
    Found 1-bit register for signal <MISO>.
    Found 1-bit register for signal <rLE>.
    Found 16-bit register for signal <rQ>.
    Found 1-bit register for signal <rSCLK>.
    Summary:
	inferred   4 D-type flip-flop(s).
Unit <Wire> synthesized.


Synthesizing Unit <top>.
    Related source file is "D:/Sync/ExternalProjects/CNC_QuaDdECODER/QuadraDec3x/top.vhd".
Unit <top> synthesized.


=========================================================================
HDL Synthesis Report

Macro Statistics
# Counters                                             : 3
 4-bit updown counter                                  : 3
# Registers                                            : 17
 1-bit register                                        : 10
 16-bit register                                       : 1
 2-bit register                                        : 6
# Xors                                                 : 6
 1-bit xor2                                            : 3
 1-bit xor3                                            : 3

=========================================================================

=========================================================================
*                       Advanced HDL Synthesis                          *
=========================================================================


=========================================================================
Advanced HDL Synthesis Report

Macro Statistics
# Counters                                             : 3
 4-bit updown counter                                  : 3
# Registers                                            : 7
 Flip-Flops                                            : 7
# Xors                                                 : 3
 1-bit xor3                                            : 3

=========================================================================

=========================================================================
*                         Low Level Synthesis                           *
=========================================================================

Optimizing unit <top> ...

Optimizing unit <Wire> ...

Optimizing unit <QuadratureDecoder> ...
  implementation constraint: INIT=r	 : rCount_0
  implementation constraint: INIT=r	 : rCount_1
  implementation constraint: INIT=r	 : rCount_2
  implementation constraint: INIT=r	 : rCount_3

=========================================================================
*                           Partition Report                            *
=========================================================================

Partition Implementation Status
-------------------------------

  No Partitions were found in this design.

-------------------------------

=========================================================================
*                            Final Report                               *
=========================================================================
Final Results
RTL Top Level Output File Name     : top.ngr
Top Level Output File Name         : top
Output Format                      : NGC
Optimization Goal                  : Speed
Keep Hierarchy                     : Yes
Target Technology                  : CoolRunner2 CPLDs
Macro Preserve                     : YES
XOR Preserve                       : YES
Clock Enable                       : YES
wysiwyg                            : NO

Design Statistics
# IOs                              : 14

Cell Usage :
# BELS                             : 179
#      AND2                        : 60
#      AND3                        : 3
#      AND4                        : 3
#      GND                         : 4
#      INV                         : 50
#      OR2                         : 29
#      OR3                         : 3
#      XOR2                        : 27
# FlipFlops/Latches                : 50
#      FD                          : 18
#      FDCE                        : 32
# IO Buffers                       : 14
#      IBUF                        : 13
#      OBUF                        : 1
=========================================================================


Total REAL time to Xst completion: 3.00 secs
Total CPU time to Xst completion: 3.56 secs
 
--> 

Total memory usage is 247136 kilobytes

Number of errors   :    0 (   0 filtered)
Number of warnings :    0 (   0 filtered)
Number of infos    :    0 (   0 filtered)

